2025-05-09 09:13:22 WARN  [, ] [io.qu.config] (Quarkus Main Thread) Unrecognized configuration key "quarkus.otel.enabled" was provided; it will be ignored; verify that the dependency extension for this configuration is set or that you did not make a typo
2025-05-09 09:13:22 WARN  [, ] [io.qu.config] (Quarkus Main Thread) Unrecognized configuration key "quarkus.otel.traces.enabled" was provided; it will be ignored; verify that the dependency extension for this configuration is set or that you did not make a typo
2025-05-09 09:13:22 WARN  [, ] [io.qu.config] (Quarkus Main Thread) Unrecognized configuration key "quarkus.health.openapi.included" was provided; it will be ignored; verify that the dependency extension for this configuration is set or that you did not make a typo
2025-05-09 09:13:23 INFO  [, ] [io.op.re.op.co.OpenSearchInitializer] (Quarkus Main Thread) Ingest pipeline 'add_metadata_pipeline' created successfully.
2025-05-09 09:13:23 INFO  [, ] [io.op.re.op.co.OpenSearchInitializer] (Quarkus Main Thread) template epc-template is successfully created
2025-05-09 09:13:23 INFO  [, ] [io.op.re.op.co.OpenSearchInitializer] (Quarkus Main Thread) index epc is successfully created
2025-05-09 09:13:23 INFO  [, ] [io.op.re.op.co.OpenSearchInitializer] (Quarkus Main Thread) template epcis-subscription-template is successfully created
2025-05-09 09:13:23 INFO  [, ] [io.op.re.op.co.OpenSearchInitializer] (Quarkus Main Thread) index epcis-subscription is successfully created
2025-05-09 09:13:23 INFO  [, ] [io.op.re.op.co.OpenSearchInitializer] (Quarkus Main Thread) template capture-job-template is successfully created
2025-05-09 09:13:24 INFO  [, ] [io.op.re.op.co.OpenSearchInitializer] (Quarkus Main Thread) index capture-job is successfully created
2025-05-09 09:13:24 INFO  [, ] [io.op.re.op.co.OpenSearchInitializer] (Quarkus Main Thread) template epcis-event-template is successfully created
2025-05-09 09:13:24 INFO  [, ] [io.op.re.op.co.OpenSearchInitializer] (Quarkus Main Thread) index epcis-event is successfully created
2025-05-09 09:13:24 INFO  [, ] [io.op.re.op.co.OpenSearchInitializer] (Quarkus Main Thread) template epcis-query-template is successfully created
2025-05-09 09:13:24 INFO  [, ] [io.op.re.op.co.OpenSearchInitializer] (Quarkus Main Thread) index epcis-query is successfully created
2025-05-09 09:13:24 INFO  [, ] [io.op.re.op.co.OpenSearchInitializer] (Quarkus Main Thread) template epcis-percolator-queries-template is successfully created
2025-05-09 09:13:25 INFO  [, ] [io.op.re.op.co.OpenSearchInitializer] (Quarkus Main Thread) index epcis-percolator-queries is successfully created
2025-05-09 09:13:25 INFO  [, ] [io.op.re.op.co.OpenSearchInitializer] (Quarkus Main Thread) index user-extension-fields is successfully created
2025-05-09 09:13:25 INFO  [, ] [io.op.re.op.co.OpenSearchInitializer] (Quarkus Main Thread) index user-extension-schema is successfully created
2025-05-09 09:13:25 INFO  [, ] [io.sm.re.me.kafka] (Quarkus Main Thread) SRMSG18229: Configured topics for channel 'event-saved-in-epc-consumer': [event-saved]
2025-05-09 09:13:25 INFO  [, ] [io.sm.re.me.kafka] (Quarkus Main Thread) SRMSG18229: Configured topics for channel 'event-saved-in': [event-saved]
2025-05-09 09:13:25 INFO  [, ] [io.sm.re.me.kafka] (Quarkus Main Thread) SRMSG18229: Configured topics for channel 'epcis-event-capture-queue-in': [epcis-event-capture-queue]
2025-05-09 09:13:25 INFO  [, ] [io.sm.re.me.kafka] (smallrye-kafka-producer-thread-0) SRMSG18258: Kafka producer kafka-producer-epcis-event-validated-success-out, connected to Kafka brokers 'localhost:9092', is configured to write records to 'epcis-event-validated-success'
2025-05-09 09:13:25 INFO  [, ] [io.sm.re.me.kafka] (smallrye-kafka-producer-thread-1) SRMSG18258: Kafka producer kafka-producer-capture-document-out, connected to Kafka brokers 'localhost:9092', is configured to write records to 'capture-documents'
2025-05-09 09:13:25 INFO  [, ] [io.sm.re.me.kafka] (smallrye-kafka-producer-thread-2) SRMSG18258: Kafka producer kafka-producer-epcis-event-validated-failure-out, connected to Kafka brokers 'localhost:9092', is configured to write records to 'epcis-event-validated-failure'
2025-05-09 09:13:25 INFO  [, ] [io.sm.re.me.kafka] (smallrye-kafka-producer-thread-3) SRMSG18258: Kafka producer kafka-producer-event-captured-out, connected to Kafka brokers 'localhost:9092', is configured to write records to 'epcis-event-captured'
2025-05-09 09:13:25 INFO  [, ] [io.sm.re.me.kafka] (smallrye-kafka-producer-thread-4) SRMSG18258: Kafka producer kafka-producer-event-saved-out, connected to Kafka brokers 'localhost:9092', is configured to write records to 'event-saved'
2025-05-09 09:13:26 INFO  [, ] [io.sm.re.me.kafka] (smallrye-kafka-producer-thread-5) SRMSG18258: Kafka producer kafka-producer-capture-document-event-out, connected to Kafka brokers 'localhost:9092', is configured to write records to 'capture-document-event'
2025-05-09 09:13:26 INFO  [, ] [io.sm.re.me.kafka] (smallrye-kafka-producer-thread-6) SRMSG18258: Kafka producer kafka-producer-capture-document-event-error-out, connected to Kafka brokers 'localhost:9092', is configured to write records to 'capture-document-event-error'
2025-05-09 09:13:26 INFO  [, ] [io.sm.re.me.kafka] (smallrye-kafka-producer-thread-7) SRMSG18258: Kafka producer kafka-producer-capture-document-event-count-out, connected to Kafka brokers 'localhost:9092', is configured to write records to 'capture-document-event-count'
2025-05-09 09:13:26 INFO  [, ] [io.sm.re.me.kafka] (smallrye-kafka-producer-thread-8) SRMSG18258: Kafka producer kafka-producer-websocket-subscription-out, connected to Kafka brokers 'localhost:9092', is configured to write records to 'websocket-subscription'
2025-05-09 09:13:26 WARN  [, ] [io.sm.re.me.provider] (Quarkus Main Thread) SRMSG00207: Some components are not connected to either downstream consumers or upstream producers:
	- IncomingConnector{channel:'epcis-event-capture-queue-in', attribute:'mp.messaging.incoming.epcis-event-capture-queue-in'} has no downstream
	- OutgoingConnector{channel:'capture-document-event-error-out', attribute:'mp.messaging.outgoing.capture-document-event-error-out'} has no upstream
	- OutgoingConnector{channel:'websocket-subscription-out', attribute:'mp.messaging.outgoing.websocket-subscription-out'} has no upstream

2025-05-09 09:13:26 INFO  [, ] [io.sm.re.me.kafka] (smallrye-kafka-consumer-thread-0) SRMSG18257: Kafka consumer kafka-consumer-event-saved-in-epc-consumer, connected to Kafka brokers 'localhost:9092', belongs to the 'epc-consumer-group' consumer group and is configured to poll records from [event-saved]
2025-05-09 09:13:26 INFO  [, ] [io.sm.re.me.kafka] (smallrye-kafka-consumer-thread-1) SRMSG18257: Kafka consumer kafka-consumer-event-saved-in, connected to Kafka brokers 'localhost:9092', belongs to the 'streaming-consumer-group' consumer group and is configured to poll records from [event-saved]
2025-05-09 09:13:26 INFO  [, ] [or.ap.ka.st.StreamsConfig] (Quarkus Main Thread) StreamsConfig values: 
	acceptable.recovery.lag = 10000
	application.id = openepcis-quarkus-rest-api-ce-streams
	application.server = localhost:8080
	auto.include.jmx.reporter = true
	bootstrap.servers = [localhost:9092]
	buffered.records.per.partition = 1000
	built.in.metrics.version = latest
	cache.max.bytes.buffering = 10485760
	client.id = 
	commit.interval.ms = 30000
	connections.max.idle.ms = 540000
	default.client.supplier = class org.apache.kafka.streams.processor.internals.DefaultKafkaClientSupplier
	default.deserialization.exception.handler = class org.apache.kafka.streams.errors.LogAndFailExceptionHandler
	default.dsl.store = rocksDB
	default.key.serde = null
	default.list.key.serde.inner = null
	default.list.key.serde.type = null
	default.list.value.serde.inner = null
	default.list.value.serde.type = null
	default.production.exception.handler = class org.apache.kafka.streams.errors.DefaultProductionExceptionHandler
	default.timestamp.extractor = class org.apache.kafka.streams.processor.FailOnInvalidTimestamp
	default.value.serde = null
	dsl.store.suppliers.class = class org.apache.kafka.streams.state.BuiltInDslStoreSuppliers$RocksDBDslStoreSuppliers
	enable.metrics.push = true
	log.summary.interval.ms = 120000
	max.task.idle.ms = 0
	max.warmup.replicas = 2
	metadata.max.age.ms = 300000
	metric.reporters = []
	metrics.num.samples = 2
	metrics.recording.level = INFO
	metrics.sample.window.ms = 30000
	num.standby.replicas = 0
	num.stream.threads = 1
	poll.ms = 100
	probing.rebalance.interval.ms = 600000
	processing.exception.handler = class org.apache.kafka.streams.errors.LogAndFailProcessingExceptionHandler
	processing.guarantee = at_least_once
	rack.aware.assignment.non_overlap_cost = null
	rack.aware.assignment.strategy = none
	rack.aware.assignment.tags = []
	rack.aware.assignment.traffic_cost = null
	receive.buffer.bytes = 32768
	reconnect.backoff.max.ms = 1000
	reconnect.backoff.ms = 50
	repartition.purge.interval.ms = 30000
	replication.factor = -1
	request.timeout.ms = 40000
	retries = 0
	retry.backoff.ms = 100
	rocksdb.config.setter = null
	security.protocol = PLAINTEXT
	send.buffer.bytes = 131072
	state.cleanup.delay.ms = 600000
	state.dir = /var/folders/5q/mqfxsh851bqglngf9bxvpy_00000gn/T//kafka-streams
	statestore.cache.max.bytes = 10485760
	task.assignor.class = null
	task.timeout.ms = 300000
	topology.optimization = none
	upgrade.from = null
	window.size.ms = null
	windowed.inner.class.serde = null
	windowstore.changelog.additional.retention.ms = 86400000

2025-05-09 09:13:26 WARN  [, ] [or.ap.ka.st.pr.in.StateDirectory] (Quarkus Main Thread) Using an OS temp directory in the state.dir property can cause failures with writing the checkpoint file due to the fact that this directory can be cleared by the OS. Resolved state.dir: [/var/folders/5q/mqfxsh851bqglngf9bxvpy_00000gn/T//kafka-streams]
2025-05-09 09:13:26 INFO  [, ] [or.ap.ka.st.pr.in.StateDirectory] (Quarkus Main Thread) Reading UUID from process file: ddbf3606-6b1c-4b32-ba2a-95f8502d083c
2025-05-09 09:13:26 INFO  [, ] [or.ap.ka.st.KafkaStreams] (Quarkus Main Thread) stream-client [openepcis-quarkus-rest-api-ce-streams-ddbf3606-6b1c-4b32-ba2a-95f8502d083c] Kafka Streams version: 3.9.0
2025-05-09 09:13:26 INFO  [, ] [or.ap.ka.st.KafkaStreams] (Quarkus Main Thread) stream-client [openepcis-quarkus-rest-api-ce-streams-ddbf3606-6b1c-4b32-ba2a-95f8502d083c] Kafka Streams commit ID: 84caaa6e9da06435
2025-05-09 09:13:26 INFO  [, ] [or.ap.ka.st.pr.in.StreamThread] (Quarkus Main Thread) stream-thread [openepcis-quarkus-rest-api-ce-streams-ddbf3606-6b1c-4b32-ba2a-95f8502d083c-StreamThread-1] Creating restore consumer client
2025-05-09 09:13:26 INFO  [, ] [or.ap.ka.st.pr.in.StreamThread] (Quarkus Main Thread) stream-thread [openepcis-quarkus-rest-api-ce-streams-ddbf3606-6b1c-4b32-ba2a-95f8502d083c-StreamThread-1] Creating thread producer client
2025-05-09 09:13:26 INFO  [, ] [or.ap.ka.st.pr.in.DefaultStateUpdater] (openepcis-quarkus-rest-api-ce-streams-ddbf3606-6b1c-4b32-ba2a-95f8502d083c-StateUpdater-1) state-updater [openepcis-quarkus-rest-api-ce-streams-ddbf3606-6b1c-4b32-ba2a-95f8502d083c-StateUpdater-1] State updater thread started
2025-05-09 09:13:26 INFO  [, ] [or.ap.ka.st.pr.in.StreamThread] (Quarkus Main Thread) stream-thread [openepcis-quarkus-rest-api-ce-streams-ddbf3606-6b1c-4b32-ba2a-95f8502d083c-StreamThread-1] Creating consumer client
2025-05-09 09:13:26 INFO  [, ] [or.ap.ka.st.pr.in.as.AssignorConfiguration] (Quarkus Main Thread) stream-thread [openepcis-quarkus-rest-api-ce-streams-ddbf3606-6b1c-4b32-ba2a-95f8502d083c-StreamThread-1-consumer] Cooperative rebalancing protocol is enabled now
2025-05-09 09:13:26 INFO  [, ] [io.op.cu.ex.ca.UserExtensionSchemaCache] (Quarkus Main Thread) Fetch all user extension schemas from user-extension-schema index
2025-05-09 09:13:26 INFO  [, ] [io.op.cu.ex.ca.UserExtensionSchemaCache] (Quarkus Main Thread) Caching user extension schema begins
2025-05-09 09:13:26 INFO  [, ] [io.op.cu.ex.ca.UserExtensionSchemaCache] (Quarkus Main Thread) Caching of user extension schema done
2025-05-09 09:13:26 INFO  [, ] [io.quarkus] (Quarkus Main Thread) openepcis-quarkus-rest-api-ce 999-SNAPSHOT on JVM (powered by Quarkus 3.20.0) started in 9.736s. Listening on: http://localhost:8080
2025-05-09 09:13:26 INFO  [, ] [io.quarkus] (Quarkus Main Thread) Profile dev activated. Live Coding activated.
2025-05-09 09:13:26 INFO  [, ] [io.quarkus] (Quarkus Main Thread) Installed features: [OpenSearchInitializer, amazon-sdk-s3, bucket4j, cache, cdi, config-yaml, jobrunr, kafka-client, kafka-streams, messaging, messaging-kafka, micrometer, oidc, oidc-client, openepcis-document-converter, openepcis-epcis-model, openepcis-keyvalue-repository, openepcis-repository-opensearch, openepcis-s3-service, openepcis-schema-validator, openepcis-storage-service, openepcis-test-resources, opensearch-java-client, reactive-routes, rest, rest-client, rest-client-jackson, rest-jackson, rest-jaxb, security, smallrye-context-propagation, smallrye-health, smallrye-openapi, swagger-ui, vertx, websockets-next]
2025-05-09 09:13:27 INFO  [, ] [or.ap.ka.st.KafkaStreams] (executor-thread-1) stream-client [openepcis-quarkus-rest-api-ce-streams-ddbf3606-6b1c-4b32-ba2a-95f8502d083c] State transition from CREATED to REBALANCING
2025-05-09 09:13:27 INFO  [, ] [or.ap.ka.st.st.in.RocksDBTimestampedStore] (openepcis-quarkus-rest-api-ce-streams-ddbf3606-6b1c-4b32-ba2a-95f8502d083c-GlobalStreamThread) Opening store global-capture-job-message-store in regular mode
2025-05-09 09:13:27 INFO  [, ] [or.ap.ka.st.pr.in.GlobalStateManagerImpl] (openepcis-quarkus-rest-api-ce-streams-ddbf3606-6b1c-4b32-ba2a-95f8502d083c-GlobalStreamThread) global-stream-thread [openepcis-quarkus-rest-api-ce-streams-ddbf3606-6b1c-4b32-ba2a-95f8502d083c-GlobalStreamThread] Restoring state for global store global-capture-job-message-store
2025-05-09 09:13:27 INFO  [, ] [or.ap.ka.st.pr.in.GlobalStreamThread] (openepcis-quarkus-rest-api-ce-streams-ddbf3606-6b1c-4b32-ba2a-95f8502d083c-GlobalStreamThread) global-stream-thread [openepcis-quarkus-rest-api-ce-streams-ddbf3606-6b1c-4b32-ba2a-95f8502d083c-GlobalStreamThread] State transition from CREATED to RUNNING
2025-05-09 09:13:27 INFO  [, ] [or.ap.ka.st.KafkaStreams] (executor-thread-1) stream-client [openepcis-quarkus-rest-api-ce-streams-ddbf3606-6b1c-4b32-ba2a-95f8502d083c] Started 1 stream threads
2025-05-09 09:13:27 INFO  [, ] [or.ap.ka.st.pr.in.StreamThread] (openepcis-quarkus-rest-api-ce-streams-ddbf3606-6b1c-4b32-ba2a-95f8502d083c-StreamThread-1) stream-thread [openepcis-quarkus-rest-api-ce-streams-ddbf3606-6b1c-4b32-ba2a-95f8502d083c-StreamThread-1] Starting
2025-05-09 09:13:27 INFO  [, ] [or.ap.ka.st.pr.in.StreamThread] (openepcis-quarkus-rest-api-ce-streams-ddbf3606-6b1c-4b32-ba2a-95f8502d083c-StreamThread-1) stream-thread [openepcis-quarkus-rest-api-ce-streams-ddbf3606-6b1c-4b32-ba2a-95f8502d083c-StreamThread-1] State transition from CREATED to STARTING
2025-05-09 09:13:27 INFO  [, ] [or.ap.ka.st.pr.in.StreamThread] (openepcis-quarkus-rest-api-ce-streams-ddbf3606-6b1c-4b32-ba2a-95f8502d083c-StreamThread-1) stream-thread [openepcis-quarkus-rest-api-ce-streams-ddbf3606-6b1c-4b32-ba2a-95f8502d083c-StreamThread-1] Processed 0 total records, ran 0 punctuators, and committed 0 total tasks since the last update
2025-05-09 09:13:30 INFO  [, ] [or.ap.ka.st.pr.in.RepartitionTopics] (openepcis-quarkus-rest-api-ce-streams-ddbf3606-6b1c-4b32-ba2a-95f8502d083c-StreamThread-1) stream-thread [openepcis-quarkus-rest-api-ce-streams-ddbf3606-6b1c-4b32-ba2a-95f8502d083c-StreamThread-1-consumer] Skipping the repartition topic validation since there are no repartition topics.
2025-05-09 09:13:30 INFO  [, ] [or.ap.ka.st.pr.in.StreamsPartitionAssignor] (openepcis-quarkus-rest-api-ce-streams-ddbf3606-6b1c-4b32-ba2a-95f8502d083c-StreamThread-1) stream-thread [openepcis-quarkus-rest-api-ce-streams-ddbf3606-6b1c-4b32-ba2a-95f8502d083c-StreamThread-1-consumer] 1 client nodes and 1 consumers participating in this rebalance: 
ddbf3606-6b1c-4b32-ba2a-95f8502d083c: [openepcis-quarkus-rest-api-ce-streams-ddbf3606-6b1c-4b32-ba2a-95f8502d083c-StreamThread-1-consumer-7f27d8e1-5464-4de7-b689-db5f3b1942d5].
2025-05-09 09:13:30 INFO  [, ] [or.ap.ka.st.pr.in.StreamsPartitionAssignor] (openepcis-quarkus-rest-api-ce-streams-ddbf3606-6b1c-4b32-ba2a-95f8502d083c-StreamThread-1) stream-thread [openepcis-quarkus-rest-api-ce-streams-ddbf3606-6b1c-4b32-ba2a-95f8502d083c-StreamThread-1-consumer] Assigning stateful tasks: [2_0]
and stateless tasks: [1_0, 3_0, 4_0, 5_0, 6_0, 7_0]
2025-05-09 09:13:30 INFO  [, ] [or.ap.ka.st.pr.in.as.AssignorConfiguration] (openepcis-quarkus-rest-api-ce-streams-ddbf3606-6b1c-4b32-ba2a-95f8502d083c-StreamThread-1) stream-thread [openepcis-quarkus-rest-api-ce-streams-ddbf3606-6b1c-4b32-ba2a-95f8502d083c-StreamThread-1-consumer] No custom task assignors found, defaulting to internal task assignment with internal.task.assignor.class
2025-05-09 09:13:30 INFO  [, ] [or.ap.ka.st.pr.in.as.HighAvailabilityTaskAssignor] (openepcis-quarkus-rest-api-ce-streams-ddbf3606-6b1c-4b32-ba2a-95f8502d083c-StreamThread-1) Decided on assignment: {ddbf3606-6b1c-4b32-ba2a-95f8502d083c=[activeTasks: ([1_0, 2_0, 3_0, 4_0, 5_0, 6_0, 7_0]) standbyTasks: ([]) prevActiveTasks: ([]) prevStandbyTasks: ([2_0]) changelogOffsetTotalsByTask: ([2_0=0]) taskLagTotals: ([2_0=0]) clientTags: ([]) capacity: 1 assigned: 7]} with no followup probing rebalance.
2025-05-09 09:13:30 INFO  [, ] [or.ap.ka.st.pr.in.StreamsPartitionAssignor] (openepcis-quarkus-rest-api-ce-streams-ddbf3606-6b1c-4b32-ba2a-95f8502d083c-StreamThread-1) stream-thread [openepcis-quarkus-rest-api-ce-streams-ddbf3606-6b1c-4b32-ba2a-95f8502d083c-StreamThread-1-consumer] Assigned 7 total tasks including 1 stateful tasks to 1 client nodes.
2025-05-09 09:13:30 INFO  [, ] [or.ap.ka.st.pr.in.StreamsPartitionAssignor] (openepcis-quarkus-rest-api-ce-streams-ddbf3606-6b1c-4b32-ba2a-95f8502d083c-StreamThread-1) stream-thread [openepcis-quarkus-rest-api-ce-streams-ddbf3606-6b1c-4b32-ba2a-95f8502d083c-StreamThread-1-consumer] Assignment of tasks to nodes: ddbf3606-6b1c-4b32-ba2a-95f8502d083c=[activeTasks: ([1_0, 2_0, 3_0, 4_0, 5_0, 6_0, 7_0]) standbyTasks: ([])]
2025-05-09 09:13:30 INFO  [, ] [or.ap.ka.st.pr.in.StreamsPartitionAssignor] (openepcis-quarkus-rest-api-ce-streams-ddbf3606-6b1c-4b32-ba2a-95f8502d083c-StreamThread-1) stream-thread [openepcis-quarkus-rest-api-ce-streams-ddbf3606-6b1c-4b32-ba2a-95f8502d083c-StreamThread-1-consumer] Client ddbf3606-6b1c-4b32-ba2a-95f8502d083c per-consumer assignment:
	prev owned active {}
	prev owned standby {openepcis-quarkus-rest-api-ce-streams-ddbf3606-6b1c-4b32-ba2a-95f8502d083c-StreamThread-1-consumer-7f27d8e1-5464-4de7-b689-db5f3b1942d5=[2_0]}
	assigned active {openepcis-quarkus-rest-api-ce-streams-ddbf3606-6b1c-4b32-ba2a-95f8502d083c-StreamThread-1-consumer-7f27d8e1-5464-4de7-b689-db5f3b1942d5=[1_0, 2_0, 3_0, 4_0, 5_0, 6_0, 7_0]}
	revoking active {}
	assigned standby {}

2025-05-09 09:13:30 INFO  [, ] [or.ap.ka.st.pr.in.StreamsPartitionAssignor] (openepcis-quarkus-rest-api-ce-streams-ddbf3606-6b1c-4b32-ba2a-95f8502d083c-StreamThread-1) stream-thread [openepcis-quarkus-rest-api-ce-streams-ddbf3606-6b1c-4b32-ba2a-95f8502d083c-StreamThread-1-consumer] Finished stable assignment of tasks, no followup rebalances required.
2025-05-09 09:13:30 INFO  [, ] [or.ap.ka.st.pr.in.StreamsPartitionAssignor] (openepcis-quarkus-rest-api-ce-streams-ddbf3606-6b1c-4b32-ba2a-95f8502d083c-StreamThread-1) stream-thread [openepcis-quarkus-rest-api-ce-streams-ddbf3606-6b1c-4b32-ba2a-95f8502d083c-StreamThread-1-consumer] No followup rebalance was requested, resetting the rebalance schedule.
2025-05-09 09:13:30 INFO  [, ] [or.ap.ka.st.pr.in.TaskManager] (openepcis-quarkus-rest-api-ce-streams-ddbf3606-6b1c-4b32-ba2a-95f8502d083c-StreamThread-1) stream-thread [openepcis-quarkus-rest-api-ce-streams-ddbf3606-6b1c-4b32-ba2a-95f8502d083c-StreamThread-1] Handle new assignment with:
	New active tasks: [1_0, 2_0, 3_0, 4_0, 5_0, 6_0, 7_0]
	New standby tasks: []
	Existing active tasks: []
	Existing standby tasks: []
2025-05-09 09:13:30 INFO  [, ] [or.ap.ka.st.pr.in.StreamThread] (openepcis-quarkus-rest-api-ce-streams-ddbf3606-6b1c-4b32-ba2a-95f8502d083c-StreamThread-1) stream-thread [openepcis-quarkus-rest-api-ce-streams-ddbf3606-6b1c-4b32-ba2a-95f8502d083c-StreamThread-1] State transition from STARTING to PARTITIONS_ASSIGNED
2025-05-09 09:13:30 INFO  [, ] [or.ap.ka.st.pr.in.StreamTask] (openepcis-quarkus-rest-api-ce-streams-ddbf3606-6b1c-4b32-ba2a-95f8502d083c-StreamThread-1) stream-thread [openepcis-quarkus-rest-api-ce-streams-ddbf3606-6b1c-4b32-ba2a-95f8502d083c-StreamThread-1] task [1_0] Initialized
2025-05-09 09:13:30 INFO  [, ] [or.ap.ka.st.pr.in.StreamTask] (openepcis-quarkus-rest-api-ce-streams-ddbf3606-6b1c-4b32-ba2a-95f8502d083c-StreamThread-1) stream-thread [openepcis-quarkus-rest-api-ce-streams-ddbf3606-6b1c-4b32-ba2a-95f8502d083c-StreamThread-1] task [5_0] Initialized
2025-05-09 09:13:30 INFO  [, ] [or.ap.ka.st.pr.in.DefaultStateUpdater] (openepcis-quarkus-rest-api-ce-streams-ddbf3606-6b1c-4b32-ba2a-95f8502d083c-StateUpdater-1) state-updater [openepcis-quarkus-rest-api-ce-streams-ddbf3606-6b1c-4b32-ba2a-95f8502d083c-StateUpdater-1] Stateless active task 1_0 was added to the restored tasks of the state updater
2025-05-09 09:13:30 INFO  [, ] [or.ap.ka.st.pr.in.DefaultStateUpdater] (openepcis-quarkus-rest-api-ce-streams-ddbf3606-6b1c-4b32-ba2a-95f8502d083c-StateUpdater-1) state-updater [openepcis-quarkus-rest-api-ce-streams-ddbf3606-6b1c-4b32-ba2a-95f8502d083c-StateUpdater-1] Stateless active task 5_0 was added to the restored tasks of the state updater
2025-05-09 09:13:30 INFO  [, ] [or.ap.ka.st.pr.in.ProcessorStateManager] (openepcis-quarkus-rest-api-ce-streams-ddbf3606-6b1c-4b32-ba2a-95f8502d083c-StreamThread-1) stream-thread [openepcis-quarkus-rest-api-ce-streams-ddbf3606-6b1c-4b32-ba2a-95f8502d083c-StreamThread-1] stream-task [2_0] State store capture-documents-store initialized from checkpoint with offset null at changelog openepcis-quarkus-rest-api-ce-streams-capture-documents-store-changelog-0
2025-05-09 09:13:31 INFO  [, ] [or.ap.ka.st.pr.in.StreamTask] (openepcis-quarkus-rest-api-ce-streams-ddbf3606-6b1c-4b32-ba2a-95f8502d083c-StreamThread-1) stream-thread [openepcis-quarkus-rest-api-ce-streams-ddbf3606-6b1c-4b32-ba2a-95f8502d083c-StreamThread-1] task [2_0] Initialized
2025-05-09 09:13:31 INFO  [, ] [or.ap.ka.st.pr.in.StreamTask] (openepcis-quarkus-rest-api-ce-streams-ddbf3606-6b1c-4b32-ba2a-95f8502d083c-StreamThread-1) stream-thread [openepcis-quarkus-rest-api-ce-streams-ddbf3606-6b1c-4b32-ba2a-95f8502d083c-StreamThread-1] task [4_0] Initialized
2025-05-09 09:13:31 INFO  [, ] [or.ap.ka.st.pr.in.DefaultStateUpdater] (openepcis-quarkus-rest-api-ce-streams-ddbf3606-6b1c-4b32-ba2a-95f8502d083c-StateUpdater-1) state-updater [openepcis-quarkus-rest-api-ce-streams-ddbf3606-6b1c-4b32-ba2a-95f8502d083c-StateUpdater-1] Stateful active task 2_0 was added to the state updater
2025-05-09 09:13:31 INFO  [, ] [or.ap.ka.st.pr.in.StreamTask] (openepcis-quarkus-rest-api-ce-streams-ddbf3606-6b1c-4b32-ba2a-95f8502d083c-StreamThread-1) stream-thread [openepcis-quarkus-rest-api-ce-streams-ddbf3606-6b1c-4b32-ba2a-95f8502d083c-StreamThread-1] task [7_0] Initialized
2025-05-09 09:13:31 INFO  [, ] [or.ap.ka.st.pr.in.StreamTask] (openepcis-quarkus-rest-api-ce-streams-ddbf3606-6b1c-4b32-ba2a-95f8502d083c-StreamThread-1) stream-thread [openepcis-quarkus-rest-api-ce-streams-ddbf3606-6b1c-4b32-ba2a-95f8502d083c-StreamThread-1] task [3_0] Initialized
2025-05-09 09:13:31 INFO  [, ] [or.ap.ka.st.pr.in.StreamTask] (openepcis-quarkus-rest-api-ce-streams-ddbf3606-6b1c-4b32-ba2a-95f8502d083c-StreamThread-1) stream-thread [openepcis-quarkus-rest-api-ce-streams-ddbf3606-6b1c-4b32-ba2a-95f8502d083c-StreamThread-1] task [6_0] Initialized
2025-05-09 09:13:31 INFO  [, ] [or.ap.ka.st.pr.in.StreamTask] (openepcis-quarkus-rest-api-ce-streams-ddbf3606-6b1c-4b32-ba2a-95f8502d083c-StreamThread-1) stream-thread [openepcis-quarkus-rest-api-ce-streams-ddbf3606-6b1c-4b32-ba2a-95f8502d083c-StreamThread-1] task [1_0] Restored and ready to run
2025-05-09 09:13:31 INFO  [, ] [or.ap.ka.st.pr.in.StreamTask] (openepcis-quarkus-rest-api-ce-streams-ddbf3606-6b1c-4b32-ba2a-95f8502d083c-StreamThread-1) stream-thread [openepcis-quarkus-rest-api-ce-streams-ddbf3606-6b1c-4b32-ba2a-95f8502d083c-StreamThread-1] task [5_0] Restored and ready to run
2025-05-09 09:13:31 INFO  [, ] [or.ap.ka.st.pr.in.StoreChangelogReader] (openepcis-quarkus-rest-api-ce-streams-ddbf3606-6b1c-4b32-ba2a-95f8502d083c-StateUpdater-1) stream-thread [openepcis-quarkus-rest-api-ce-streams-ddbf3606-6b1c-4b32-ba2a-95f8502d083c-StreamThread-1] End offset for changelog openepcis-quarkus-rest-api-ce-streams-capture-documents-store-changelog-0 initialized as 0.
2025-05-09 09:13:31 INFO  [, ] [or.ap.ka.st.pr.in.StoreChangelogReader] (openepcis-quarkus-rest-api-ce-streams-ddbf3606-6b1c-4b32-ba2a-95f8502d083c-StateUpdater-1) stream-thread [openepcis-quarkus-rest-api-ce-streams-ddbf3606-6b1c-4b32-ba2a-95f8502d083c-StreamThread-1] Finished restoring changelog openepcis-quarkus-rest-api-ce-streams-capture-documents-store-changelog-0 to store capture-documents-store with a total number of 0 records
2025-05-09 09:13:31 INFO  [, ] [or.ap.ka.st.pr.in.DefaultStateUpdater] (openepcis-quarkus-rest-api-ce-streams-ddbf3606-6b1c-4b32-ba2a-95f8502d083c-StateUpdater-1) state-updater [openepcis-quarkus-rest-api-ce-streams-ddbf3606-6b1c-4b32-ba2a-95f8502d083c-StateUpdater-1] Stateful active task 2_0 completed restoration
2025-05-09 09:13:31 INFO  [, ] [or.ap.ka.st.pr.in.DefaultStateUpdater] (openepcis-quarkus-rest-api-ce-streams-ddbf3606-6b1c-4b32-ba2a-95f8502d083c-StateUpdater-1) state-updater [openepcis-quarkus-rest-api-ce-streams-ddbf3606-6b1c-4b32-ba2a-95f8502d083c-StateUpdater-1] Stateless active task 4_0 was added to the restored tasks of the state updater
2025-05-09 09:13:31 INFO  [, ] [or.ap.ka.st.pr.in.DefaultStateUpdater] (openepcis-quarkus-rest-api-ce-streams-ddbf3606-6b1c-4b32-ba2a-95f8502d083c-StateUpdater-1) state-updater [openepcis-quarkus-rest-api-ce-streams-ddbf3606-6b1c-4b32-ba2a-95f8502d083c-StateUpdater-1] Stateless active task 7_0 was added to the restored tasks of the state updater
2025-05-09 09:13:31 INFO  [, ] [or.ap.ka.st.pr.in.DefaultStateUpdater] (openepcis-quarkus-rest-api-ce-streams-ddbf3606-6b1c-4b32-ba2a-95f8502d083c-StateUpdater-1) state-updater [openepcis-quarkus-rest-api-ce-streams-ddbf3606-6b1c-4b32-ba2a-95f8502d083c-StateUpdater-1] Stateless active task 3_0 was added to the restored tasks of the state updater
2025-05-09 09:13:31 INFO  [, ] [or.ap.ka.st.pr.in.DefaultStateUpdater] (openepcis-quarkus-rest-api-ce-streams-ddbf3606-6b1c-4b32-ba2a-95f8502d083c-StateUpdater-1) state-updater [openepcis-quarkus-rest-api-ce-streams-ddbf3606-6b1c-4b32-ba2a-95f8502d083c-StateUpdater-1] Stateless active task 6_0 was added to the restored tasks of the state updater
2025-05-09 09:13:31 INFO  [, ] [or.ap.ka.st.pr.in.StreamTask] (openepcis-quarkus-rest-api-ce-streams-ddbf3606-6b1c-4b32-ba2a-95f8502d083c-StreamThread-1) stream-thread [openepcis-quarkus-rest-api-ce-streams-ddbf3606-6b1c-4b32-ba2a-95f8502d083c-StreamThread-1] task [2_0] Restored and ready to run
2025-05-09 09:13:31 INFO  [, ] [or.ap.ka.st.pr.in.StreamTask] (openepcis-quarkus-rest-api-ce-streams-ddbf3606-6b1c-4b32-ba2a-95f8502d083c-StreamThread-1) stream-thread [openepcis-quarkus-rest-api-ce-streams-ddbf3606-6b1c-4b32-ba2a-95f8502d083c-StreamThread-1] task [4_0] Restored and ready to run
2025-05-09 09:13:31 INFO  [, ] [or.ap.ka.st.pr.in.StreamTask] (openepcis-quarkus-rest-api-ce-streams-ddbf3606-6b1c-4b32-ba2a-95f8502d083c-StreamThread-1) stream-thread [openepcis-quarkus-rest-api-ce-streams-ddbf3606-6b1c-4b32-ba2a-95f8502d083c-StreamThread-1] task [7_0] Restored and ready to run
2025-05-09 09:13:31 INFO  [, ] [or.ap.ka.st.pr.in.StreamTask] (openepcis-quarkus-rest-api-ce-streams-ddbf3606-6b1c-4b32-ba2a-95f8502d083c-StreamThread-1) stream-thread [openepcis-quarkus-rest-api-ce-streams-ddbf3606-6b1c-4b32-ba2a-95f8502d083c-StreamThread-1] task [3_0] Restored and ready to run
2025-05-09 09:13:31 INFO  [, ] [or.ap.ka.st.pr.in.StreamTask] (openepcis-quarkus-rest-api-ce-streams-ddbf3606-6b1c-4b32-ba2a-95f8502d083c-StreamThread-1) stream-thread [openepcis-quarkus-rest-api-ce-streams-ddbf3606-6b1c-4b32-ba2a-95f8502d083c-StreamThread-1] task [6_0] Restored and ready to run
2025-05-09 09:13:31 INFO  [, ] [or.ap.ka.st.pr.in.StreamThread] (openepcis-quarkus-rest-api-ce-streams-ddbf3606-6b1c-4b32-ba2a-95f8502d083c-StreamThread-1) stream-thread [openepcis-quarkus-rest-api-ce-streams-ddbf3606-6b1c-4b32-ba2a-95f8502d083c-StreamThread-1] State transition from PARTITIONS_ASSIGNED to RUNNING
2025-05-09 09:13:31 INFO  [, ] [or.ap.ka.st.KafkaStreams] (openepcis-quarkus-rest-api-ce-streams-ddbf3606-6b1c-4b32-ba2a-95f8502d083c-StreamThread-1) stream-client [openepcis-quarkus-rest-api-ce-streams-ddbf3606-6b1c-4b32-ba2a-95f8502d083c] State transition from REBALANCING to RUNNING
2025-05-09 09:14:03 DEBUG [00000000000000000000000000000000, 0000000000000000] [io.op.re.op.PitPaginationProvider] (HttpClient5OpenSearchTransport) searchRequest: {"pit":{"id":"17qEQQUTZXBjaXMtZXZlbnQtMjAyNS0wNRZqY1VUTW5GelNiQ0IzckJwYzhtS3FnABZqeTBIZXQ3NVMydTQ2dGJZNzZaMWFBAAAAAAAAAAANFnp4ZG81X0x6Uzk2N3VtMGdLNE51Y1ETZXBjaXMtZXZlbnQtMjAyNS0wNRZqY1VUTW5GelNiQ0IzckJwYzhtS3FnARZqeTBIZXQ3NVMydTQ2dGJZNzZaMWFBAAAAAAAAAAAOFnp4ZG81X0x6Uzk2N3VtMGdLNE51Y1ETZXBjaXMtZXZlbnQtMjAyNS0wNRZqY1VUTW5GelNiQ0IzckJwYzhtS3FnBBZqeTBIZXQ3NVMydTQ2dGJZNzZaMWFBAAAAAAAAAAARFnp4ZG81X0x6Uzk2N3VtMGdLNE51Y1ETZXBjaXMtZXZlbnQtMjAyNS0wNRZqY1VUTW5GelNiQ0IzckJwYzhtS3FnAhZqeTBIZXQ3NVMydTQ2dGJZNzZaMWFBAAAAAAAAAAAPFnp4ZG81X0x6Uzk2N3VtMGdLNE51Y1ETZXBjaXMtZXZlbnQtMjAyNS0wNRZqY1VUTW5GelNiQ0IzckJwYzhtS3FnAxZqeTBIZXQ3NVMydTQ2dGJZNzZaMWFBAAAAAAAAAAAQFnp4ZG81X0x6Uzk2N3VtMGdLNE51Y1EBFmpjVVRNbkZ6U2JDQjNyQnBjOG1LcWcAAA==","keep_alive":"60s"},"query":{"bool":{"must":[{"nested":{"path":"metadata","query":{"bool":{"should":[{"term":{"metadata.visible":{"value":"true"}}}]}},"score_mode":"avg"}}]}},"size":30,"sort":[{"eventTime":{"order":"desc"}},{"eventID":{"order":"desc"}}]}
2025-05-09 09:14:03 DEBUG [00000000000000000000000000000000, 0000000000000000] [io.op.re.op.PitPaginationProvider] (HttpClient5OpenSearchTransport) Response Container: QueryResult(queryResults=EpcisQueryResult(subscriptionID=null, queryName=null, queryType=null, resultsBody=QueryResultsBody(eventList=[])))
2025-05-09 09:14:11 INFO  [, ] [or.ap.ka.st.KafkaStreams] (Shutdown thread) stream-client [openepcis-quarkus-rest-api-ce-streams-ddbf3606-6b1c-4b32-ba2a-95f8502d083c] State transition from RUNNING to PENDING_SHUTDOWN
2025-05-09 09:14:11 INFO  [, ] [or.ap.ka.st.pr.in.StreamThread] (openepcis-quarkus-rest-api-ce-streams-ddbf3606-6b1c-4b32-ba2a-95f8502d083c-CloseThread) stream-thread [openepcis-quarkus-rest-api-ce-streams-ddbf3606-6b1c-4b32-ba2a-95f8502d083c-StreamThread-1] Informed to shut down
2025-05-09 09:14:11 INFO  [, ] [or.ap.ka.st.pr.in.StreamThread] (openepcis-quarkus-rest-api-ce-streams-ddbf3606-6b1c-4b32-ba2a-95f8502d083c-CloseThread) stream-thread [openepcis-quarkus-rest-api-ce-streams-ddbf3606-6b1c-4b32-ba2a-95f8502d083c-StreamThread-1] State transition from RUNNING to PENDING_SHUTDOWN
2025-05-09 09:14:11 INFO  [, ] [or.ap.ka.st.KafkaStreams] (openepcis-quarkus-rest-api-ce-streams-ddbf3606-6b1c-4b32-ba2a-95f8502d083c-CloseThread) stream-client [openepcis-quarkus-rest-api-ce-streams-ddbf3606-6b1c-4b32-ba2a-95f8502d083c] Shutting down 1 stream threads
2025-05-09 09:14:11 INFO  [, ] [or.ap.ka.st.pr.in.StreamThread] (openepcis-quarkus-rest-api-ce-streams-ddbf3606-6b1c-4b32-ba2a-95f8502d083c-StreamThread-1) stream-thread [openepcis-quarkus-rest-api-ce-streams-ddbf3606-6b1c-4b32-ba2a-95f8502d083c-StreamThread-1] Shutting down clean
2025-05-09 09:14:11 INFO  [, ] [or.ap.ka.st.pr.in.DefaultStateUpdater] (openepcis-quarkus-rest-api-ce-streams-ddbf3606-6b1c-4b32-ba2a-95f8502d083c-StreamThread-1) state-updater [openepcis-quarkus-rest-api-ce-streams-ddbf3606-6b1c-4b32-ba2a-95f8502d083c-StateUpdater-1] Shutting down state updater thread
2025-05-09 09:14:11 INFO  [, ] [or.ap.ka.st.pr.in.DefaultStateUpdater] (openepcis-quarkus-rest-api-ce-streams-ddbf3606-6b1c-4b32-ba2a-95f8502d083c-StateUpdater-1) state-updater [openepcis-quarkus-rest-api-ce-streams-ddbf3606-6b1c-4b32-ba2a-95f8502d083c-StateUpdater-1] State updater thread stopped
2025-05-09 09:14:12 INFO  [, ] [or.ap.ka.st.pr.in.StreamTask] (openepcis-quarkus-rest-api-ce-streams-ddbf3606-6b1c-4b32-ba2a-95f8502d083c-StreamThread-1) stream-thread [openepcis-quarkus-rest-api-ce-streams-ddbf3606-6b1c-4b32-ba2a-95f8502d083c-StreamThread-1] task [1_0] Suspended from RUNNING
2025-05-09 09:14:12 INFO  [, ] [or.ap.ka.st.pr.in.RecordCollectorImpl] (openepcis-quarkus-rest-api-ce-streams-ddbf3606-6b1c-4b32-ba2a-95f8502d083c-StreamThread-1) stream-thread [openepcis-quarkus-rest-api-ce-streams-ddbf3606-6b1c-4b32-ba2a-95f8502d083c-StreamThread-1] stream-task [1_0] Closing record collector clean
2025-05-09 09:14:12 INFO  [, ] [or.ap.ka.st.pr.in.StreamTask] (openepcis-quarkus-rest-api-ce-streams-ddbf3606-6b1c-4b32-ba2a-95f8502d083c-StreamThread-1) stream-thread [openepcis-quarkus-rest-api-ce-streams-ddbf3606-6b1c-4b32-ba2a-95f8502d083c-StreamThread-1] task [1_0] Closed clean
2025-05-09 09:14:12 INFO  [, ] [or.ap.ka.st.pr.in.StreamTask] (openepcis-quarkus-rest-api-ce-streams-ddbf3606-6b1c-4b32-ba2a-95f8502d083c-StreamThread-1) stream-thread [openepcis-quarkus-rest-api-ce-streams-ddbf3606-6b1c-4b32-ba2a-95f8502d083c-StreamThread-1] task [2_0] Suspended from RUNNING
2025-05-09 09:14:12 INFO  [, ] [or.ap.ka.st.pr.in.RecordCollectorImpl] (openepcis-quarkus-rest-api-ce-streams-ddbf3606-6b1c-4b32-ba2a-95f8502d083c-StreamThread-1) stream-thread [openepcis-quarkus-rest-api-ce-streams-ddbf3606-6b1c-4b32-ba2a-95f8502d083c-StreamThread-1] stream-task [2_0] Closing record collector clean
2025-05-09 09:14:12 INFO  [, ] [or.ap.ka.st.pr.in.StreamTask] (openepcis-quarkus-rest-api-ce-streams-ddbf3606-6b1c-4b32-ba2a-95f8502d083c-StreamThread-1) stream-thread [openepcis-quarkus-rest-api-ce-streams-ddbf3606-6b1c-4b32-ba2a-95f8502d083c-StreamThread-1] task [2_0] Closed clean
2025-05-09 09:14:12 INFO  [, ] [or.ap.ka.st.pr.in.StreamTask] (openepcis-quarkus-rest-api-ce-streams-ddbf3606-6b1c-4b32-ba2a-95f8502d083c-StreamThread-1) stream-thread [openepcis-quarkus-rest-api-ce-streams-ddbf3606-6b1c-4b32-ba2a-95f8502d083c-StreamThread-1] task [3_0] Suspended from RUNNING
2025-05-09 09:14:12 INFO  [, ] [or.ap.ka.st.pr.in.RecordCollectorImpl] (openepcis-quarkus-rest-api-ce-streams-ddbf3606-6b1c-4b32-ba2a-95f8502d083c-StreamThread-1) stream-thread [openepcis-quarkus-rest-api-ce-streams-ddbf3606-6b1c-4b32-ba2a-95f8502d083c-StreamThread-1] stream-task [3_0] Closing record collector clean
2025-05-09 09:14:12 INFO  [, ] [or.ap.ka.st.pr.in.StreamTask] (openepcis-quarkus-rest-api-ce-streams-ddbf3606-6b1c-4b32-ba2a-95f8502d083c-StreamThread-1) stream-thread [openepcis-quarkus-rest-api-ce-streams-ddbf3606-6b1c-4b32-ba2a-95f8502d083c-StreamThread-1] task [3_0] Closed clean
2025-05-09 09:14:12 INFO  [, ] [or.ap.ka.st.pr.in.StreamTask] (openepcis-quarkus-rest-api-ce-streams-ddbf3606-6b1c-4b32-ba2a-95f8502d083c-StreamThread-1) stream-thread [openepcis-quarkus-rest-api-ce-streams-ddbf3606-6b1c-4b32-ba2a-95f8502d083c-StreamThread-1] task [4_0] Suspended from RUNNING
2025-05-09 09:14:12 INFO  [, ] [or.ap.ka.st.pr.in.RecordCollectorImpl] (openepcis-quarkus-rest-api-ce-streams-ddbf3606-6b1c-4b32-ba2a-95f8502d083c-StreamThread-1) stream-thread [openepcis-quarkus-rest-api-ce-streams-ddbf3606-6b1c-4b32-ba2a-95f8502d083c-StreamThread-1] stream-task [4_0] Closing record collector clean
2025-05-09 09:14:12 INFO  [, ] [or.ap.ka.st.pr.in.StreamTask] (openepcis-quarkus-rest-api-ce-streams-ddbf3606-6b1c-4b32-ba2a-95f8502d083c-StreamThread-1) stream-thread [openepcis-quarkus-rest-api-ce-streams-ddbf3606-6b1c-4b32-ba2a-95f8502d083c-StreamThread-1] task [4_0] Closed clean
2025-05-09 09:14:12 INFO  [, ] [or.ap.ka.st.pr.in.StreamTask] (openepcis-quarkus-rest-api-ce-streams-ddbf3606-6b1c-4b32-ba2a-95f8502d083c-StreamThread-1) stream-thread [openepcis-quarkus-rest-api-ce-streams-ddbf3606-6b1c-4b32-ba2a-95f8502d083c-StreamThread-1] task [5_0] Suspended from RUNNING
2025-05-09 09:14:12 INFO  [, ] [or.ap.ka.st.pr.in.RecordCollectorImpl] (openepcis-quarkus-rest-api-ce-streams-ddbf3606-6b1c-4b32-ba2a-95f8502d083c-StreamThread-1) stream-thread [openepcis-quarkus-rest-api-ce-streams-ddbf3606-6b1c-4b32-ba2a-95f8502d083c-StreamThread-1] stream-task [5_0] Closing record collector clean
2025-05-09 09:14:12 INFO  [, ] [or.ap.ka.st.pr.in.StreamTask] (openepcis-quarkus-rest-api-ce-streams-ddbf3606-6b1c-4b32-ba2a-95f8502d083c-StreamThread-1) stream-thread [openepcis-quarkus-rest-api-ce-streams-ddbf3606-6b1c-4b32-ba2a-95f8502d083c-StreamThread-1] task [5_0] Closed clean
2025-05-09 09:14:12 INFO  [, ] [or.ap.ka.st.pr.in.StreamTask] (openepcis-quarkus-rest-api-ce-streams-ddbf3606-6b1c-4b32-ba2a-95f8502d083c-StreamThread-1) stream-thread [openepcis-quarkus-rest-api-ce-streams-ddbf3606-6b1c-4b32-ba2a-95f8502d083c-StreamThread-1] task [6_0] Suspended from RUNNING
2025-05-09 09:14:12 INFO  [, ] [or.ap.ka.st.pr.in.RecordCollectorImpl] (openepcis-quarkus-rest-api-ce-streams-ddbf3606-6b1c-4b32-ba2a-95f8502d083c-StreamThread-1) stream-thread [openepcis-quarkus-rest-api-ce-streams-ddbf3606-6b1c-4b32-ba2a-95f8502d083c-StreamThread-1] stream-task [6_0] Closing record collector clean
2025-05-09 09:14:12 INFO  [, ] [or.ap.ka.st.pr.in.StreamTask] (openepcis-quarkus-rest-api-ce-streams-ddbf3606-6b1c-4b32-ba2a-95f8502d083c-StreamThread-1) stream-thread [openepcis-quarkus-rest-api-ce-streams-ddbf3606-6b1c-4b32-ba2a-95f8502d083c-StreamThread-1] task [6_0] Closed clean
2025-05-09 09:14:12 INFO  [, ] [or.ap.ka.st.pr.in.StreamTask] (openepcis-quarkus-rest-api-ce-streams-ddbf3606-6b1c-4b32-ba2a-95f8502d083c-StreamThread-1) stream-thread [openepcis-quarkus-rest-api-ce-streams-ddbf3606-6b1c-4b32-ba2a-95f8502d083c-StreamThread-1] task [7_0] Suspended from RUNNING
2025-05-09 09:14:12 INFO  [, ] [or.ap.ka.st.pr.in.RecordCollectorImpl] (openepcis-quarkus-rest-api-ce-streams-ddbf3606-6b1c-4b32-ba2a-95f8502d083c-StreamThread-1) stream-thread [openepcis-quarkus-rest-api-ce-streams-ddbf3606-6b1c-4b32-ba2a-95f8502d083c-StreamThread-1] stream-task [7_0] Closing record collector clean
2025-05-09 09:14:12 INFO  [, ] [or.ap.ka.st.pr.in.StreamTask] (openepcis-quarkus-rest-api-ce-streams-ddbf3606-6b1c-4b32-ba2a-95f8502d083c-StreamThread-1) stream-thread [openepcis-quarkus-rest-api-ce-streams-ddbf3606-6b1c-4b32-ba2a-95f8502d083c-StreamThread-1] task [7_0] Closed clean
2025-05-09 09:14:12 INFO  [, ] [or.ap.ka.st.pr.in.TaskManager] (openepcis-quarkus-rest-api-ce-streams-ddbf3606-6b1c-4b32-ba2a-95f8502d083c-StreamThread-1) stream-thread [openepcis-quarkus-rest-api-ce-streams-ddbf3606-6b1c-4b32-ba2a-95f8502d083c-StreamThread-1] Shutdown complete
2025-05-09 09:14:12 INFO  [, ] [or.ap.ka.st.pr.in.StreamThread] (openepcis-quarkus-rest-api-ce-streams-ddbf3606-6b1c-4b32-ba2a-95f8502d083c-StreamThread-1) stream-thread [openepcis-quarkus-rest-api-ce-streams-ddbf3606-6b1c-4b32-ba2a-95f8502d083c-StreamThread-1] State transition from PENDING_SHUTDOWN to DEAD
2025-05-09 09:14:12 INFO  [, ] [or.ap.ka.st.pr.in.StreamThread] (openepcis-quarkus-rest-api-ce-streams-ddbf3606-6b1c-4b32-ba2a-95f8502d083c-StreamThread-1) stream-thread [openepcis-quarkus-rest-api-ce-streams-ddbf3606-6b1c-4b32-ba2a-95f8502d083c-StreamThread-1] Shutdown complete
2025-05-09 09:14:12 INFO  [, ] [or.ap.ka.st.KafkaStreams] (openepcis-quarkus-rest-api-ce-streams-ddbf3606-6b1c-4b32-ba2a-95f8502d083c-CloseThread) stream-client [openepcis-quarkus-rest-api-ce-streams-ddbf3606-6b1c-4b32-ba2a-95f8502d083c] Shutdown 1 stream threads complete
2025-05-09 09:14:12 INFO  [, ] [or.ap.ka.st.KafkaStreams] (openepcis-quarkus-rest-api-ce-streams-ddbf3606-6b1c-4b32-ba2a-95f8502d083c-CloseThread) stream-client [openepcis-quarkus-rest-api-ce-streams-ddbf3606-6b1c-4b32-ba2a-95f8502d083c] Shutting down the global stream threads
2025-05-09 09:14:12 INFO  [, ] [or.ap.ka.st.pr.in.GlobalStreamThread] (openepcis-quarkus-rest-api-ce-streams-ddbf3606-6b1c-4b32-ba2a-95f8502d083c-CloseThread) global-stream-thread [openepcis-quarkus-rest-api-ce-streams-ddbf3606-6b1c-4b32-ba2a-95f8502d083c-GlobalStreamThread] State transition from RUNNING to PENDING_SHUTDOWN
2025-05-09 09:14:12 INFO  [, ] [or.ap.ka.st.pr.in.GlobalStreamThread] (openepcis-quarkus-rest-api-ce-streams-ddbf3606-6b1c-4b32-ba2a-95f8502d083c-GlobalStreamThread) global-stream-thread [openepcis-quarkus-rest-api-ce-streams-ddbf3606-6b1c-4b32-ba2a-95f8502d083c-GlobalStreamThread] Shutting down
2025-05-09 09:14:12 INFO  [, ] [or.ap.ka.st.pr.in.GlobalStreamThread] (openepcis-quarkus-rest-api-ce-streams-ddbf3606-6b1c-4b32-ba2a-95f8502d083c-GlobalStreamThread) global-stream-thread [openepcis-quarkus-rest-api-ce-streams-ddbf3606-6b1c-4b32-ba2a-95f8502d083c-GlobalStreamThread] State transition from PENDING_SHUTDOWN to DEAD
2025-05-09 09:14:12 INFO  [, ] [or.ap.ka.st.pr.in.GlobalStreamThread] (openepcis-quarkus-rest-api-ce-streams-ddbf3606-6b1c-4b32-ba2a-95f8502d083c-GlobalStreamThread) global-stream-thread [openepcis-quarkus-rest-api-ce-streams-ddbf3606-6b1c-4b32-ba2a-95f8502d083c-GlobalStreamThread] Shutdown complete
2025-05-09 09:14:12 INFO  [, ] [or.ap.ka.st.KafkaStreams] (openepcis-quarkus-rest-api-ce-streams-ddbf3606-6b1c-4b32-ba2a-95f8502d083c-CloseThread) stream-client [openepcis-quarkus-rest-api-ce-streams-ddbf3606-6b1c-4b32-ba2a-95f8502d083c] Shutdown global stream threads complete
2025-05-09 09:14:12 INFO  [, ] [or.ap.ka.st.KafkaStreams] (openepcis-quarkus-rest-api-ce-streams-ddbf3606-6b1c-4b32-ba2a-95f8502d083c-CloseThread) stream-client [openepcis-quarkus-rest-api-ce-streams-ddbf3606-6b1c-4b32-ba2a-95f8502d083c] State transition from PENDING_SHUTDOWN to NOT_RUNNING
2025-05-09 09:14:12 INFO  [, ] [or.ap.ka.st.KafkaStreams] (Shutdown thread) stream-client [openepcis-quarkus-rest-api-ce-streams-ddbf3606-6b1c-4b32-ba2a-95f8502d083c] Streams client stopped completely
2025-05-09 09:14:12 INFO  [, ] [io.sm.re.me.kafka] (smallrye-kafka-consumer-thread-0) SRMSG18224: Executing consumer revoked re-balance listener for group 'epc-consumer-group'
2025-05-09 09:14:12 INFO  [, ] [io.sm.re.me.kafka] (smallrye-kafka-consumer-thread-1) SRMSG18224: Executing consumer revoked re-balance listener for group 'streaming-consumer-group'
2025-05-09 09:14:13 INFO  [, ] [io.quarkus] (Shutdown thread) openepcis-quarkus-rest-api-ce stopped in 1.170s
